<?xml version="1.0" encoding="UTF-8"?>
<!-- Generated by org.testng.reporters.JUnitXMLReporter -->
<testsuite hostname="Nishits-MBP.fios-router.home" name="Test" tests="8" failures="2" timestamp="3 Jun 2019 06:31:55 GMT" time="68.702" errors="0">
  <testcase name="verifyContactsLabelTest" time="0.032" classname="com.crm.qa.tests.ContactsPageTest"/>
  <testcase name="selectcontactsPageByNameTest" time="0.076" classname="com.crm.qa.tests.ContactsPageTest">
    <failure type="java.lang.AssertionError" message="Test test2 expected:&amp;lt;Test test2&amp;gt; but was:&amp;lt;checkbox is selected successfully&amp;gt;">
      <![CDATA[java.lang.AssertionError: Test test2 expected:<Test test2> but was:<checkbox is selected successfully>
	at com.crm.qa.tests.ContactsPageTest.selectcontactsPageByNameTest(ContactsPageTest.java:45)
... Removed 26 stack frames]]>
    </failure>
  </testcase> <!-- selectcontactsPageByNameTest -->
  <testcase name="loginTest" time="3.887" classname="com.crm.qa.tests.LoginPageTest"/>
  <testcase name="verifyHomePageTitleTest" time="0.008" classname="com.crm.qa.tests.HomePageTest">
    <failure type="java.lang.AssertionError" message="CRMPRO expected:&amp;lt;CRMPRO&amp;gt; but was:&amp;lt;Home page title is not matched&amp;gt;">
      <![CDATA[java.lang.AssertionError: CRMPRO expected:<CRMPRO> but was:<Home page title is not matched>
	at com.crm.qa.tests.HomePageTest.verifyHomePageTitleTest(HomePageTest.java:46)
... Removed 26 stack frames]]>
    </failure>
  </testcase> <!-- verifyHomePageTitleTest -->
  <testcase name="verifyUserLableTest" time="0.058" classname="com.crm.qa.tests.HomePageTest"/>
  <testcase name="clickOnContactsLinkTest" time="2.578" classname="com.crm.qa.tests.HomePageTest"/>
  <testcase name="clickOnDealsLinkTest" time="0.548" classname="com.crm.qa.tests.HomePageTest"/>
  <testcase name="clickonTaskslinkTest" time="0.521" classname="com.crm.qa.tests.HomePageTest"/>
</testsuite> <!-- Test -->
